<?xml version="1.0" encoding="UTF-8"?>
<!-- Generated by org.testng.reporters.JUnitReportReporter -->
<testsuite hostname="ReetuReddy" name="com.TestNG.TestNGInvocationCountConcept" tests="10" failures="0" timestamp="16 Jul 2019 09:38:09 GMT" time="0.024" errors="0">
  <testcase name="sum" time="0.001" classname="com.TestNG.TestNGInvocationCountConcept"/>
  <testcase name="sum" time="0.001" classname="com.TestNG.TestNGInvocationCountConcept"/>
  <testcase name="sum" time="0.001" classname="com.TestNG.TestNGInvocationCountConcept"/>
  <testcase name="sum" time="0.001" classname="com.TestNG.TestNGInvocationCountConcept"/>
  <testcase name="sum" time="0.001" classname="com.TestNG.TestNGInvocationCountConcept"/>
  <testcase name="sum" time="0.001" classname="com.TestNG.TestNGInvocationCountConcept"/>
  <testcase name="sum" time="0.000" classname="com.TestNG.TestNGInvocationCountConcept"/>
  <testcase name="sum" time="0.001" classname="com.TestNG.TestNGInvocationCountConcept"/>
  <testcase name="sum" time="0.001" classname="com.TestNG.TestNGInvocationCountConcept"/>
  <testcase name="sum" time="0.016" classname="com.TestNG.TestNGInvocationCountConcept"/>
</testsuite> <!-- com.TestNG.TestNGInvocationCountConcept -->
