<?xml version="1.0" encoding="UTF-8"?>
<!-- Generated by org.testng.reporters.JUnitReportReporter -->
<testsuite hostname="ReetuReddy" name="com.TestNG.TestNGExcelDataRead" tests="2" failures="0" timestamp="19 Jul 2019 07:22:19 GMT" time="0.025" errors="0">
  <testcase name="printTestdata" time="0.024" classname="com.TestNG.TestNGExcelDataRead"/>
  <testcase name="printTestdata" time="0.001" classname="com.TestNG.TestNGExcelDataRead"/>
</testsuite> <!-- com.TestNG.TestNGExcelDataRead -->
