<?xml version="1.0" encoding="UTF-8"?>
<!-- Generated by org.testng.reporters.JUnitReportReporter -->
<testsuite hostname="ReetuReddy" name="com.TestNG.TestNGExtentReport" tests="1" failures="0" timestamp="23 Jul 2019 01:47:03 GMT" time="10.064" errors="0">
  <testcase name="performGoogleSearch" time="10.064" classname="com.TestNG.TestNGExtentReport"/>
</testsuite> <!-- com.TestNG.TestNGExtentReport -->
