<?xml version="1.0" encoding="UTF-8"?>
<!-- Generated by org.testng.reporters.JUnitReportReporter -->
<testsuite hostname="ReetuReddy" name="com.TestNG.TestNGFeatures" tests="6" failures="0" timestamp="16 Jul 2019 09:21:28 GMT" time="0.022" errors="0">
  <testcase name="test1" time="0.001" classname="com.TestNG.TestNGFeatures"/>
  <testcase name="test3" time="0.001" classname="com.TestNG.TestNGFeatures"/>
  <testcase name="test6" time="0.016" classname="com.TestNG.TestNGFeatures"/>
  <testcase name="test5" time="0.001" classname="com.TestNG.TestNGFeatures"/>
  <testcase name="test4" time="0.001" classname="com.TestNG.TestNGFeatures"/>
  <testcase name="test2" time="0.002" classname="com.TestNG.TestNGFeatures"/>
</testsuite> <!-- com.TestNG.TestNGFeatures -->
