<?xml version="1.0" encoding="UTF-8"?>
<!-- Generated by org.testng.reporters.JUnitReportReporter -->
<testsuite hostname="ReetuReddy" name="com.TestNG.TestNGAnnotations" tests="1" failures="0" timestamp="2 Aug 2019 08:59:43 GMT" time="0.007" errors="0">
  <testcase name="testMethod" time="0.007" classname="com.TestNG.TestNGAnnotations"/>
</testsuite> <!-- com.TestNG.TestNGAnnotations -->
