<?xml version="1.0" encoding="UTF-8"?>
<!-- Generated by org.testng.reporters.JUnitReportReporter -->
<testsuite hostname="ReetuReddy" name="com.TestNG.TestNGSeleniumTest" tests="3" failures="0" timestamp="15 Jul 2019 09:03:49 GMT" time="21.683" errors="0">
  <testcase name="linkValidation" time="8.005" classname="com.TestNG.TestNGSeleniumTest"/>
  <testcase name="getPageTitle" time="5.741" classname="com.TestNG.TestNGSeleniumTest"/>
  <testcase name="logoValidation" time="7.937" classname="com.TestNG.TestNGSeleniumTest"/>
</testsuite> <!-- com.TestNG.TestNGSeleniumTest -->
